{"C:\\finxan-e\\finxan-new\\backend\\src\\config\\neo4j.ts": {"path":"C:\\finxan-e\\finxan-new\\backend\\src\\config\\neo4j.ts","statementMap":{"0":{"start":{"line":8,"column":17},"end":{"line":8,"column":null}},"1":{"start":{"line":9,"column":18},"end":{"line":9,"column":null}},"2":{"start":{"line":10,"column":22},"end":{"line":10,"column":null}},"3":{"start":{"line":12,"column":0},"end":{"line":13,"column":null}},"4":{"start":{"line":13,"column":2},"end":{"line":13,"column":null}},"5":{"start":{"line":17,"column":30},"end":{"line":26,"column":null}},"6":{"start":{"line":33,"column":2},"end":{"line":36,"column":null}},"7":{"start":{"line":46,"column":18},"end":{"line":46,"column":30}},"8":{"start":{"line":47,"column":2},"end":{"line":51,"column":null}},"9":{"start":{"line":48,"column":19},"end":{"line":48,"column":52}},"10":{"start":{"line":49,"column":4},"end":{"line":49,"column":null}},"11":{"start":{"line":49,"column":40},"end":{"line":49,"column":57}},"12":{"start":{"line":51,"column":4},"end":{"line":51,"column":null}},"13":{"start":{"line":59,"column":18},"end":{"line":59,"column":30}},"14":{"start":{"line":60,"column":2},"end":{"line":68,"column":null}},"15":{"start":{"line":61,"column":4},"end":{"line":61,"column":null}},"16":{"start":{"line":62,"column":4},"end":{"line":62,"column":null}},"17":{"start":{"line":63,"column":4},"end":{"line":63,"column":null}},"18":{"start":{"line":65,"column":4},"end":{"line":65,"column":null}},"19":{"start":{"line":66,"column":4},"end":{"line":66,"column":null}},"20":{"start":{"line":68,"column":4},"end":{"line":68,"column":null}},"21":{"start":{"line":76,"column":2},"end":{"line":76,"column":null}},"22":{"start":{"line":77,"column":2},"end":{"line":77,"column":null}},"23":{"start":{"line":84,"column":2},"end":{"line":84,"column":null}},"24":{"start":{"line":85,"column":18},"end":{"line":85,"column":null}},"25":{"start":{"line":86,"column":2},"end":{"line":86,"column":null}}},"fnMap":{"0":{"name":"getSession","decl":{"start":{"line":32,"column":16},"end":{"line":32,"column":38}},"loc":{"start":{"line":32,"column":38},"end":{"line":36,"column":null}},"line":32},"1":{"name":"executeQuery","decl":{"start":{"line":42,"column":22},"end":{"line":42,"column":null}},"loc":{"start":{"line":45,"column":16},"end":{"line":51,"column":null}},"line":45},"2":{"name":"(anonymous_2)","decl":{"start":{"line":49,"column":26},"end":{"line":49,"column":30}},"loc":{"start":{"line":49,"column":40},"end":{"line":49,"column":57}},"line":49},"3":{"name":"testConnection","decl":{"start":{"line":58,"column":22},"end":{"line":58,"column":57}},"loc":{"start":{"line":58,"column":57},"end":{"line":68,"column":null}},"line":58},"4":{"name":"closeDriver","decl":{"start":{"line":75,"column":22},"end":{"line":75,"column":51}},"loc":{"start":{"line":75,"column":51},"end":{"line":77,"column":null}},"line":75},"5":{"name":"handleNeo4jError","decl":{"start":{"line":83,"column":16},"end":{"line":83,"column":33}},"loc":{"start":{"line":83,"column":52},"end":{"line":86,"column":null}},"line":83}},"branchMap":{"0":{"loc":{"start":{"line":8,"column":17},"end":{"line":8,"column":null}},"type":"binary-expr","locations":[{"start":{"line":8,"column":17},"end":{"line":8,"column":42}},{"start":{"line":8,"column":42},"end":{"line":8,"column":null}}],"line":8},"1":{"loc":{"start":{"line":9,"column":18},"end":{"line":9,"column":null}},"type":"binary-expr","locations":[{"start":{"line":9,"column":18},"end":{"line":9,"column":44}},{"start":{"line":9,"column":44},"end":{"line":9,"column":null}}],"line":9},"2":{"loc":{"start":{"line":10,"column":22},"end":{"line":10,"column":null}},"type":"binary-expr","locations":[{"start":{"line":10,"column":22},"end":{"line":10,"column":52}},{"start":{"line":10,"column":52},"end":{"line":10,"column":null}}],"line":10},"3":{"loc":{"start":{"line":12,"column":0},"end":{"line":13,"column":null}},"type":"if","locations":[{"start":{"line":12,"column":0},"end":{"line":13,"column":null}},{"start":{},"end":{}}],"line":12},"4":{"loc":{"start":{"line":12,"column":4},"end":{"line":12,"column":59}},"type":"binary-expr","locations":[{"start":{"line":12,"column":4},"end":{"line":12,"column":30}},{"start":{"line":12,"column":30},"end":{"line":12,"column":59}}],"line":12},"5":{"loc":{"start":{"line":44,"column":2},"end":{"line":44,"column":34}},"type":"default-arg","locations":[{"start":{"line":44,"column":32},"end":{"line":44,"column":34}}],"line":44},"6":{"loc":{"start":{"line":85,"column":18},"end":{"line":85,"column":null}},"type":"binary-expr","locations":[{"start":{"line":85,"column":18},"end":{"line":85,"column":36}},{"start":{"line":85,"column":36},"end":{"line":85,"column":null}}],"line":85}},"s":{"0":1,"1":1,"2":1,"3":1,"4":1,"5":1,"6":16,"7":4,"8":4,"9":4,"10":3,"11":2,"12":4,"13":3,"14":3,"15":3,"16":1,"17":1,"18":2,"19":2,"20":3,"21":1,"22":1,"23":3,"24":3,"25":3},"f":{"0":16,"1":4,"2":2,"3":3,"4":1,"5":3},"b":{"0":[1,1],"1":[1,1],"2":[1,1],"3":[1,0],"4":[1,0],"5":[4],"6":[3,2]},"meta":{"lastBranch":7,"lastFunction":6,"lastStatement":26,"seen":{"s:8:17:8:Infinity":0,"b:8:17:8:42:8:42:8:Infinity":0,"s:9:18:9:Infinity":1,"b:9:18:9:44:9:44:9:Infinity":1,"s:10:22:10:Infinity":2,"b:10:22:10:52:10:52:10:Infinity":2,"b:12:0:13:Infinity:undefined:undefined:undefined:undefined":3,"s:12:0:13:Infinity":3,"b:12:4:12:30:12:30:12:59":4,"s:13:2:13:Infinity":4,"s:17:30:26:Infinity":5,"f:32:16:32:38":0,"s:33:2:36:Infinity":6,"f:42:22:42:Infinity":1,"b:44:32:44:34":5,"s:46:18:46:30":7,"s:47:2:51:Infinity":8,"s:48:19:48:52":9,"s:49:4:49:Infinity":10,"f:49:26:49:30":2,"s:49:40:49:57":11,"s:51:4:51:Infinity":12,"f:58:22:58:57":3,"s:59:18:59:30":13,"s:60:2:68:Infinity":14,"s:61:4:61:Infinity":15,"s:62:4:62:Infinity":16,"s:63:4:63:Infinity":17,"s:65:4:65:Infinity":18,"s:66:4:66:Infinity":19,"s:68:4:68:Infinity":20,"f:75:22:75:51":4,"s:76:2:76:Infinity":21,"s:77:2:77:Infinity":22,"f:83:16:83:33":5,"s:84:2:84:Infinity":23,"s:85:18:85:Infinity":24,"b:85:18:85:36:85:36:85:Infinity":6,"s:86:2:86:Infinity":25}}}
,"C:\\finxan-e\\finxan-new\\backend\\src\\config\\redis.ts": {"path":"C:\\finxan-e\\finxan-new\\backend\\src\\config\\redis.ts","statementMap":{"0":{"start":{"line":8,"column":17},"end":{"line":8,"column":null}},"1":{"start":{"line":9,"column":19},"end":{"line":9,"column":null}},"2":{"start":{"line":11,"column":0},"end":{"line":12,"column":null}},"3":{"start":{"line":12,"column":2},"end":{"line":12,"column":null}},"4":{"start":{"line":16,"column":21},"end":{"line":33,"column":2}},"5":{"start":{"line":20,"column":18},"end":{"line":20,"column":44}},"6":{"start":{"line":21,"column":4},"end":{"line":21,"column":null}},"7":{"start":{"line":24,"column":24},"end":{"line":24,"column":null}},"8":{"start":{"line":25,"column":4},"end":{"line":26,"column":null}},"9":{"start":{"line":26,"column":6},"end":{"line":26,"column":null}},"10":{"start":{"line":28,"column":4},"end":{"line":28,"column":null}},"11":{"start":{"line":36,"column":0},"end":{"line":38,"column":null}},"12":{"start":{"line":37,"column":2},"end":{"line":37,"column":null}},"13":{"start":{"line":40,"column":0},"end":{"line":42,"column":null}},"14":{"start":{"line":41,"column":2},"end":{"line":41,"column":null}},"15":{"start":{"line":44,"column":0},"end":{"line":46,"column":null}},"16":{"start":{"line":45,"column":2},"end":{"line":45,"column":null}},"17":{"start":{"line":48,"column":0},"end":{"line":50,"column":null}},"18":{"start":{"line":49,"column":2},"end":{"line":49,"column":null}},"19":{"start":{"line":56,"column":2},"end":{"line":63,"column":null}},"20":{"start":{"line":57,"column":4},"end":{"line":57,"column":null}},"21":{"start":{"line":58,"column":4},"end":{"line":58,"column":null}},"22":{"start":{"line":59,"column":4},"end":{"line":59,"column":null}},"23":{"start":{"line":60,"column":4},"end":{"line":60,"column":null}},"24":{"start":{"line":62,"column":4},"end":{"line":62,"column":null}},"25":{"start":{"line":63,"column":4},"end":{"line":63,"column":null}},"26":{"start":{"line":70,"column":28},"end":{"line":99,"column":null}},"27":{"start":{"line":75,"column":4},"end":{"line":75,"column":null}},"28":{"start":{"line":82,"column":17},"end":{"line":82,"column":56}},"29":{"start":{"line":83,"column":4},"end":{"line":83,"column":null}},"30":{"start":{"line":90,"column":4},"end":{"line":90,"column":null}},"31":{"start":{"line":97,"column":4},"end":{"line":97,"column":null}},"32":{"start":{"line":104,"column":28},"end":{"line":126,"column":null}},"33":{"start":{"line":109,"column":4},"end":{"line":109,"column":null}},"34":{"start":{"line":116,"column":17},"end":{"line":116,"column":64}},"35":{"start":{"line":117,"column":4},"end":{"line":117,"column":null}},"36":{"start":{"line":124,"column":4},"end":{"line":124,"column":null}},"37":{"start":{"line":131,"column":25},"end":{"line":154,"column":null}},"38":{"start":{"line":136,"column":16},"end":{"line":136,"column":null}},"39":{"start":{"line":137,"column":18},"end":{"line":137,"column":39}},"40":{"start":{"line":139,"column":4},"end":{"line":140,"column":null}},"41":{"start":{"line":140,"column":6},"end":{"line":140,"column":null}},"42":{"start":{"line":143,"column":4},"end":{"line":143,"column":null}},"43":{"start":{"line":150,"column":16},"end":{"line":150,"column":null}},"44":{"start":{"line":151,"column":18},"end":{"line":151,"column":38}},"45":{"start":{"line":152,"column":4},"end":{"line":152,"column":null}},"46":{"start":{"line":160,"column":2},"end":{"line":160,"column":null}},"47":{"start":{"line":161,"column":2},"end":{"line":161,"column":null}},"48":{"start":{"line":168,"column":2},"end":{"line":168,"column":null}},"49":{"start":{"line":169,"column":18},"end":{"line":169,"column":null}},"50":{"start":{"line":170,"column":2},"end":{"line":170,"column":null}}},"fnMap":{"0":{"name":"(anonymous_0)","decl":{"start":{"line":19,"column":2},"end":{"line":19,"column":18}},"loc":{"start":{"line":19,"column":36},"end":{"line":21,"column":null}},"line":19},"1":{"name":"(anonymous_1)","decl":{"start":{"line":23,"column":2},"end":{"line":23,"column":21}},"loc":{"start":{"line":23,"column":29},"end":{"line":28,"column":null}},"line":23},"2":{"name":"(anonymous_2)","decl":{"start":{"line":36,"column":9},"end":{"line":36,"column":26}},"loc":{"start":{"line":36,"column":26},"end":{"line":38,"column":null}},"line":36},"3":{"name":"(anonymous_3)","decl":{"start":{"line":40,"column":9},"end":{"line":40,"column":24}},"loc":{"start":{"line":40,"column":24},"end":{"line":42,"column":null}},"line":40},"4":{"name":"(anonymous_4)","decl":{"start":{"line":44,"column":9},"end":{"line":44,"column":19}},"loc":{"start":{"line":44,"column":27},"end":{"line":46,"column":null}},"line":44},"5":{"name":"(anonymous_5)","decl":{"start":{"line":48,"column":9},"end":{"line":48,"column":24}},"loc":{"start":{"line":48,"column":24},"end":{"line":50,"column":null}},"line":48},"6":{"name":"testConnection","decl":{"start":{"line":55,"column":22},"end":{"line":55,"column":57}},"loc":{"start":{"line":55,"column":57},"end":{"line":63,"column":null}},"line":55},"7":{"name":"(anonymous_7)","decl":{"start":{"line":74,"column":8},"end":{"line":74,"column":12}},"loc":{"start":{"line":74,"column":77},"end":{"line":75,"column":null}},"line":74},"8":{"name":"(anonymous_8)","decl":{"start":{"line":81,"column":8},"end":{"line":81,"column":12}},"loc":{"start":{"line":81,"column":52},"end":{"line":83,"column":null}},"line":81},"9":{"name":"(anonymous_9)","decl":{"start":{"line":89,"column":8},"end":{"line":89,"column":15}},"loc":{"start":{"line":89,"column":49},"end":{"line":90,"column":null}},"line":89},"10":{"name":"(anonymous_10)","decl":{"start":{"line":96,"column":8},"end":{"line":96,"column":15}},"loc":{"start":{"line":96,"column":69},"end":{"line":97,"column":null}},"line":96},"11":{"name":"(anonymous_11)","decl":{"start":{"line":108,"column":8},"end":{"line":108,"column":12}},"loc":{"start":{"line":108,"column":80},"end":{"line":109,"column":null}},"line":108},"12":{"name":"(anonymous_12)","decl":{"start":{"line":115,"column":8},"end":{"line":115,"column":12}},"loc":{"start":{"line":115,"column":52},"end":{"line":117,"column":null}},"line":115},"13":{"name":"(anonymous_13)","decl":{"start":{"line":123,"column":8},"end":{"line":123,"column":19}},"loc":{"start":{"line":123,"column":53},"end":{"line":124,"column":null}},"line":123},"14":{"name":"(anonymous_14)","decl":{"start":{"line":135,"column":8},"end":{"line":135,"column":14}},"loc":{"start":{"line":135,"column":87},"end":{"line":143,"column":null}},"line":135},"15":{"name":"(anonymous_15)","decl":{"start":{"line":149,"column":8},"end":{"line":149,"column":17}},"loc":{"start":{"line":149,"column":68},"end":{"line":152,"column":null}},"line":149},"16":{"name":"closeConnection","decl":{"start":{"line":159,"column":22},"end":{"line":159,"column":55}},"loc":{"start":{"line":159,"column":55},"end":{"line":161,"column":null}},"line":159},"17":{"name":"handleRedisError","decl":{"start":{"line":167,"column":16},"end":{"line":167,"column":33}},"loc":{"start":{"line":167,"column":52},"end":{"line":170,"column":null}},"line":167}},"branchMap":{"0":{"loc":{"start":{"line":8,"column":17},"end":{"line":8,"column":null}},"type":"binary-expr","locations":[{"start":{"line":8,"column":17},"end":{"line":8,"column":42}},{"start":{"line":8,"column":42},"end":{"line":8,"column":null}}],"line":8},"1":{"loc":{"start":{"line":9,"column":19},"end":{"line":9,"column":null}},"type":"binary-expr","locations":[{"start":{"line":9,"column":19},"end":{"line":9,"column":46}},{"start":{"line":9,"column":46},"end":{"line":9,"column":null}}],"line":9},"2":{"loc":{"start":{"line":11,"column":0},"end":{"line":12,"column":null}},"type":"if","locations":[{"start":{"line":11,"column":0},"end":{"line":12,"column":null}},{"start":{},"end":{}}],"line":11},"3":{"loc":{"start":{"line":17,"column":12},"end":{"line":17,"column":null}},"type":"binary-expr","locations":[{"start":{"line":17,"column":12},"end":{"line":17,"column":26}},{"start":{"line":17,"column":26},"end":{"line":17,"column":null}}],"line":17},"4":{"loc":{"start":{"line":25,"column":4},"end":{"line":26,"column":null}},"type":"if","locations":[{"start":{"line":25,"column":4},"end":{"line":26,"column":null}},{"start":{},"end":{}}],"line":25},"5":{"loc":{"start":{"line":74,"column":42},"end":{"line":74,"column":77}},"type":"default-arg","locations":[{"start":{"line":74,"column":56},"end":{"line":74,"column":77}}],"line":74},"6":{"loc":{"start":{"line":83,"column":11},"end":{"line":83,"column":null}},"type":"cond-expr","locations":[{"start":{"line":83,"column":18},"end":{"line":83,"column":34}},{"start":{"line":83,"column":37},"end":{"line":83,"column":null}}],"line":83},"7":{"loc":{"start":{"line":96,"column":34},"end":{"line":96,"column":69}},"type":"default-arg","locations":[{"start":{"line":96,"column":48},"end":{"line":96,"column":69}}],"line":96},"8":{"loc":{"start":{"line":108,"column":45},"end":{"line":108,"column":80}},"type":"default-arg","locations":[{"start":{"line":108,"column":59},"end":{"line":108,"column":80}}],"line":108},"9":{"loc":{"start":{"line":117,"column":11},"end":{"line":117,"column":null}},"type":"cond-expr","locations":[{"start":{"line":117,"column":18},"end":{"line":117,"column":34}},{"start":{"line":117,"column":37},"end":{"line":117,"column":null}}],"line":117},"10":{"loc":{"start":{"line":135,"column":48},"end":{"line":135,"column":87}},"type":"default-arg","locations":[{"start":{"line":135,"column":64},"end":{"line":135,"column":87}}],"line":135},"11":{"loc":{"start":{"line":139,"column":4},"end":{"line":140,"column":null}},"type":"if","locations":[{"start":{"line":139,"column":4},"end":{"line":140,"column":null}},{"start":{},"end":{}}],"line":139},"12":{"loc":{"start":{"line":152,"column":11},"end":{"line":152,"column":null}},"type":"cond-expr","locations":[{"start":{"line":152,"column":19},"end":{"line":152,"column":38}},{"start":{"line":152,"column":41},"end":{"line":152,"column":null}}],"line":152},"13":{"loc":{"start":{"line":169,"column":18},"end":{"line":169,"column":null}},"type":"binary-expr","locations":[{"start":{"line":169,"column":18},"end":{"line":169,"column":36}},{"start":{"line":169,"column":36},"end":{"line":169,"column":null}}],"line":169}},"s":{"0":1,"1":1,"2":1,"3":1,"4":1,"5":0,"6":0,"7":0,"8":0,"9":0,"10":0,"11":1,"12":0,"13":1,"14":0,"15":1,"16":0,"17":1,"18":0,"19":3,"20":3,"21":2,"22":1,"23":1,"24":2,"25":2,"26":1,"27":2,"28":2,"29":2,"30":1,"31":2,"32":1,"33":2,"34":2,"35":2,"36":1,"37":1,"38":4,"39":4,"40":4,"41":1,"42":4,"43":2,"44":2,"45":2,"46":1,"47":1,"48":3,"49":3,"50":3},"f":{"0":0,"1":0,"2":0,"3":0,"4":0,"5":0,"6":3,"7":2,"8":2,"9":1,"10":2,"11":2,"12":2,"13":1,"14":4,"15":2,"16":1,"17":3},"b":{"0":[1,1],"1":[1,1],"2":[1,0],"3":[1,1],"4":[0,0],"5":[2],"6":[1,1],"7":[2],"8":[2],"9":[1,1],"10":[4],"11":[1,3],"12":[1,1],"13":[3,2]},"meta":{"lastBranch":14,"lastFunction":18,"lastStatement":51,"seen":{"s:8:17:8:Infinity":0,"b:8:17:8:42:8:42:8:Infinity":0,"s:9:19:9:Infinity":1,"b:9:19:9:46:9:46:9:Infinity":1,"b:11:0:12:Infinity:undefined:undefined:undefined:undefined":2,"s:11:0:12:Infinity":2,"s:12:2:12:Infinity":3,"s:16:21:33:2":4,"b:17:12:17:26:17:26:17:Infinity":3,"f:19:2:19:18":0,"s:20:18:20:44":5,"s:21:4:21:Infinity":6,"f:23:2:23:21":1,"s:24:24:24:Infinity":7,"b:25:4:26:Infinity:undefined:undefined:undefined:undefined":4,"s:25:4:26:Infinity":8,"s:26:6:26:Infinity":9,"s:28:4:28:Infinity":10,"s:36:0:38:Infinity":11,"f:36:9:36:26":2,"s:37:2:37:Infinity":12,"s:40:0:42:Infinity":13,"f:40:9:40:24":3,"s:41:2:41:Infinity":14,"s:44:0:46:Infinity":15,"f:44:9:44:19":4,"s:45:2:45:Infinity":16,"s:48:0:50:Infinity":17,"f:48:9:48:24":5,"s:49:2:49:Infinity":18,"f:55:22:55:57":6,"s:56:2:63:Infinity":19,"s:57:4:57:Infinity":20,"s:58:4:58:Infinity":21,"s:59:4:59:Infinity":22,"s:60:4:60:Infinity":23,"s:62:4:62:Infinity":24,"s:63:4:63:Infinity":25,"s:70:28:99:Infinity":26,"f:74:8:74:12":7,"b:74:56:74:77":5,"s:75:4:75:Infinity":27,"f:81:8:81:12":8,"s:82:17:82:56":28,"s:83:4:83:Infinity":29,"b:83:18:83:34:83:37:83:Infinity":6,"f:89:8:89:15":9,"s:90:4:90:Infinity":30,"f:96:8:96:15":10,"b:96:48:96:69":7,"s:97:4:97:Infinity":31,"s:104:28:126:Infinity":32,"f:108:8:108:12":11,"b:108:59:108:80":8,"s:109:4:109:Infinity":33,"f:115:8:115:12":12,"s:116:17:116:64":34,"s:117:4:117:Infinity":35,"b:117:18:117:34:117:37:117:Infinity":9,"f:123:8:123:19":13,"s:124:4:124:Infinity":36,"s:131:25:154:Infinity":37,"f:135:8:135:14":14,"b:135:64:135:87":10,"s:136:16:136:Infinity":38,"s:137:18:137:39":39,"b:139:4:140:Infinity:undefined:undefined:undefined:undefined":11,"s:139:4:140:Infinity":40,"s:140:6:140:Infinity":41,"s:143:4:143:Infinity":42,"f:149:8:149:17":15,"s:150:16:150:Infinity":43,"s:151:18:151:38":44,"s:152:4:152:Infinity":45,"b:152:19:152:38:152:41:152:Infinity":12,"f:159:22:159:55":16,"s:160:2:160:Infinity":46,"s:161:2:161:Infinity":47,"f:167:16:167:33":17,"s:168:2:168:Infinity":48,"s:169:18:169:Infinity":49,"b:169:18:169:36:169:36:169:Infinity":13,"s:170:2:170:Infinity":50}}}
,"C:\\finxan-e\\finxan-new\\backend\\src\\config\\supabase.ts": {"path":"C:\\finxan-e\\finxan-new\\backend\\src\\config\\supabase.ts","statementMap":{"0":{"start":{"line":8,"column":20},"end":{"line":8,"column":null}},"1":{"start":{"line":9,"column":20},"end":{"line":9,"column":null}},"2":{"start":{"line":11,"column":0},"end":{"line":12,"column":null}},"3":{"start":{"line":12,"column":2},"end":{"line":12,"column":null}},"4":{"start":{"line":16,"column":13},"end":{"line":29,"column":2}},"5":{"start":{"line":40,"column":2},"end":{"line":50,"column":null}},"6":{"start":{"line":41,"column":22},"end":{"line":41,"column":78}},"7":{"start":{"line":42,"column":4},"end":{"line":44,"column":null}},"8":{"start":{"line":43,"column":6},"end":{"line":43,"column":null}},"9":{"start":{"line":44,"column":6},"end":{"line":44,"column":null}},"10":{"start":{"line":46,"column":4},"end":{"line":46,"column":null}},"11":{"start":{"line":47,"column":4},"end":{"line":47,"column":null}},"12":{"start":{"line":49,"column":4},"end":{"line":49,"column":null}},"13":{"start":{"line":50,"column":4},"end":{"line":50,"column":null}},"14":{"start":{"line":58,"column":2},"end":{"line":58,"column":null}},"15":{"start":{"line":59,"column":18},"end":{"line":59,"column":null}},"16":{"start":{"line":60,"column":2},"end":{"line":60,"column":null}}},"fnMap":{"0":{"name":"testConnection","decl":{"start":{"line":39,"column":22},"end":{"line":39,"column":57}},"loc":{"start":{"line":39,"column":57},"end":{"line":50,"column":null}},"line":39},"1":{"name":"handleSupabaseError","decl":{"start":{"line":57,"column":16},"end":{"line":57,"column":36}},"loc":{"start":{"line":57,"column":55},"end":{"line":60,"column":null}},"line":57}},"branchMap":{"0":{"loc":{"start":{"line":8,"column":20},"end":{"line":8,"column":null}},"type":"binary-expr","locations":[{"start":{"line":8,"column":20},"end":{"line":8,"column":48}},{"start":{"line":8,"column":48},"end":{"line":8,"column":null}}],"line":8},"1":{"loc":{"start":{"line":9,"column":20},"end":{"line":9,"column":null}},"type":"binary-expr","locations":[{"start":{"line":9,"column":20},"end":{"line":9,"column":53}},{"start":{"line":9,"column":53},"end":{"line":9,"column":null}}],"line":9},"2":{"loc":{"start":{"line":11,"column":0},"end":{"line":12,"column":null}},"type":"if","locations":[{"start":{"line":11,"column":0},"end":{"line":12,"column":null}},{"start":{},"end":{}}],"line":11},"3":{"loc":{"start":{"line":11,"column":4},"end":{"line":11,"column":65}},"type":"binary-expr","locations":[{"start":{"line":11,"column":4},"end":{"line":11,"column":33}},{"start":{"line":11,"column":33},"end":{"line":11,"column":65}}],"line":11},"4":{"loc":{"start":{"line":42,"column":4},"end":{"line":44,"column":null}},"type":"if","locations":[{"start":{"line":42,"column":4},"end":{"line":44,"column":null}},{"start":{},"end":{}}],"line":42},"5":{"loc":{"start":{"line":59,"column":18},"end":{"line":59,"column":null}},"type":"binary-expr","locations":[{"start":{"line":59,"column":18},"end":{"line":59,"column":36}},{"start":{"line":59,"column":36},"end":{"line":59,"column":null}}],"line":59}},"s":{"0":1,"1":1,"2":1,"3":1,"4":1,"5":3,"6":3,"7":2,"8":1,"9":1,"10":1,"11":1,"12":1,"13":1,"14":3,"15":3,"16":3},"f":{"0":3,"1":3},"b":{"0":[1,0],"1":[1,1],"2":[1,0],"3":[1,1],"4":[1,1],"5":[3,2]},"meta":{"lastBranch":6,"lastFunction":2,"lastStatement":17,"seen":{"s:8:20:8:Infinity":0,"b:8:20:8:48:8:48:8:Infinity":0,"s:9:20:9:Infinity":1,"b:9:20:9:53:9:53:9:Infinity":1,"b:11:0:12:Infinity:undefined:undefined:undefined:undefined":2,"s:11:0:12:Infinity":2,"b:11:4:11:33:11:33:11:65":3,"s:12:2:12:Infinity":3,"s:16:13:29:2":4,"f:39:22:39:57":0,"s:40:2:50:Infinity":5,"s:41:22:41:78":6,"b:42:4:44:Infinity:undefined:undefined:undefined:undefined":4,"s:42:4:44:Infinity":7,"s:43:6:43:Infinity":8,"s:44:6:44:Infinity":9,"s:46:4:46:Infinity":10,"s:47:4:47:Infinity":11,"s:49:4:49:Infinity":12,"s:50:4:50:Infinity":13,"f:57:16:57:36":1,"s:58:2:58:Infinity":14,"s:59:18:59:Infinity":15,"b:59:18:59:36:59:36:59:Infinity":5,"s:60:2:60:Infinity":16}}}
,"C:\\finxan-e\\finxan-new\\backend\\src\\config\\weaviate.ts": {"path":"C:\\finxan-e\\finxan-new\\backend\\src\\config\\weaviate.ts","statementMap":{"0":{"start":{"line":8,"column":20},"end":{"line":8,"column":null}},"1":{"start":{"line":9,"column":23},"end":{"line":9,"column":null}},"2":{"start":{"line":11,"column":0},"end":{"line":12,"column":null}},"3":{"start":{"line":12,"column":2},"end":{"line":12,"column":null}},"4":{"start":{"line":16,"column":38},"end":{"line":23,"column":2}},"5":{"start":{"line":29,"column":2},"end":{"line":36,"column":null}},"6":{"start":{"line":30,"column":19},"end":{"line":30,"column":54}},"7":{"start":{"line":31,"column":4},"end":{"line":31,"column":null}},"8":{"start":{"line":32,"column":4},"end":{"line":32,"column":null}},"9":{"start":{"line":33,"column":4},"end":{"line":33,"column":null}},"10":{"start":{"line":35,"column":4},"end":{"line":35,"column":null}},"11":{"start":{"line":36,"column":4},"end":{"line":36,"column":null}},"12":{"start":{"line":44,"column":2},"end":{"line":105,"column":null}},"13":{"start":{"line":46,"column":19},"end":{"line":46,"column":52}},"14":{"start":{"line":47,"column":28},"end":{"line":47,"column":74}},"15":{"start":{"line":47,"column":60},"end":{"line":47,"column":68}},"16":{"start":{"line":50,"column":4},"end":{"line":64,"column":null}},"17":{"start":{"line":51,"column":6},"end":{"line":63,"column":null}},"18":{"start":{"line":64,"column":6},"end":{"line":64,"column":null}},"19":{"start":{"line":68,"column":4},"end":{"line":81,"column":null}},"20":{"start":{"line":69,"column":6},"end":{"line":80,"column":null}},"21":{"start":{"line":81,"column":6},"end":{"line":81,"column":null}},"22":{"start":{"line":85,"column":4},"end":{"line":99,"column":null}},"23":{"start":{"line":86,"column":6},"end":{"line":98,"column":null}},"24":{"start":{"line":99,"column":6},"end":{"line":99,"column":null}},"25":{"start":{"line":102,"column":4},"end":{"line":102,"column":null}},"26":{"start":{"line":104,"column":4},"end":{"line":104,"column":null}},"27":{"start":{"line":105,"column":4},"end":{"line":105,"column":null}},"28":{"start":{"line":118,"column":2},"end":{"line":133,"column":null}},"29":{"start":{"line":119,"column":19},"end":{"line":128,"column":11}},"30":{"start":{"line":130,"column":4},"end":{"line":130,"column":null}},"31":{"start":{"line":132,"column":4},"end":{"line":132,"column":null}},"32":{"start":{"line":133,"column":4},"end":{"line":133,"column":null}},"33":{"start":{"line":144,"column":2},"end":{"line":156,"column":null}},"34":{"start":{"line":145,"column":19},"end":{"line":151,"column":11}},"35":{"start":{"line":153,"column":4},"end":{"line":153,"column":null}},"36":{"start":{"line":155,"column":4},"end":{"line":155,"column":null}},"37":{"start":{"line":156,"column":4},"end":{"line":156,"column":null}},"38":{"start":{"line":164,"column":2},"end":{"line":164,"column":null}},"39":{"start":{"line":165,"column":18},"end":{"line":165,"column":null}},"40":{"start":{"line":166,"column":2},"end":{"line":166,"column":null}}},"fnMap":{"0":{"name":"testConnection","decl":{"start":{"line":28,"column":22},"end":{"line":28,"column":57}},"loc":{"start":{"line":28,"column":57},"end":{"line":36,"column":null}},"line":28},"1":{"name":"initializeSchema","decl":{"start":{"line":43,"column":22},"end":{"line":43,"column":56}},"loc":{"start":{"line":43,"column":56},"end":{"line":105,"column":null}},"line":43},"2":{"name":"(anonymous_2)","decl":{"start":{"line":47,"column":44},"end":{"line":47,"column":49}},"loc":{"start":{"line":47,"column":60},"end":{"line":47,"column":68}},"line":47},"3":{"name":"storeLearningDNA","decl":{"start":{"line":112,"column":22},"end":{"line":112,"column":null}},"loc":{"start":{"line":117,"column":19},"end":{"line":133,"column":null}},"line":117},"4":{"name":"findSimilarLearners","decl":{"start":{"line":140,"column":22},"end":{"line":140,"column":null}},"loc":{"start":{"line":143,"column":18},"end":{"line":156,"column":null}},"line":143},"5":{"name":"handleWeaviateError","decl":{"start":{"line":163,"column":16},"end":{"line":163,"column":36}},"loc":{"start":{"line":163,"column":55},"end":{"line":166,"column":null}},"line":163}},"branchMap":{"0":{"loc":{"start":{"line":8,"column":20},"end":{"line":8,"column":null}},"type":"binary-expr","locations":[{"start":{"line":8,"column":20},"end":{"line":8,"column":48}},{"start":{"line":8,"column":48},"end":{"line":8,"column":null}}],"line":8},"1":{"loc":{"start":{"line":9,"column":23},"end":{"line":9,"column":null}},"type":"binary-expr","locations":[{"start":{"line":9,"column":23},"end":{"line":9,"column":55}},{"start":{"line":9,"column":55},"end":{"line":9,"column":null}}],"line":9},"2":{"loc":{"start":{"line":11,"column":0},"end":{"line":12,"column":null}},"type":"if","locations":[{"start":{"line":11,"column":0},"end":{"line":12,"column":null}},{"start":{},"end":{}}],"line":11},"3":{"loc":{"start":{"line":17,"column":10},"end":{"line":17,"column":null}},"type":"cond-expr","locations":[{"start":{"line":17,"column":44},"end":{"line":17,"column":54}},{"start":{"line":17,"column":54},"end":{"line":17,"column":null}}],"line":17},"4":{"loc":{"start":{"line":19,"column":10},"end":{"line":19,"column":null}},"type":"cond-expr","locations":[{"start":{"line":19,"column":27},"end":{"line":19,"column":62}},{"start":{"line":19,"column":65},"end":{"line":19,"column":null}}],"line":19},"5":{"loc":{"start":{"line":47,"column":28},"end":{"line":47,"column":74}},"type":"binary-expr","locations":[{"start":{"line":47,"column":28},"end":{"line":47,"column":68}},{"start":{"line":47,"column":72},"end":{"line":47,"column":74}}],"line":47},"6":{"loc":{"start":{"line":50,"column":4},"end":{"line":64,"column":null}},"type":"if","locations":[{"start":{"line":50,"column":4},"end":{"line":64,"column":null}},{"start":{},"end":{}}],"line":50},"7":{"loc":{"start":{"line":68,"column":4},"end":{"line":81,"column":null}},"type":"if","locations":[{"start":{"line":68,"column":4},"end":{"line":81,"column":null}},{"start":{},"end":{}}],"line":68},"8":{"loc":{"start":{"line":85,"column":4},"end":{"line":99,"column":null}},"type":"if","locations":[{"start":{"line":85,"column":4},"end":{"line":99,"column":null}},{"start":{},"end":{}}],"line":85},"9":{"loc":{"start":{"line":142,"column":2},"end":{"line":142,"column":null}},"type":"default-arg","locations":[{"start":{"line":142,"column":18},"end":{"line":142,"column":null}}],"line":142},"10":{"loc":{"start":{"line":153,"column":11},"end":{"line":153,"column":44}},"type":"binary-expr","locations":[{"start":{"line":153,"column":11},"end":{"line":153,"column":42}},{"start":{"line":153,"column":42},"end":{"line":153,"column":44}}],"line":153},"11":{"loc":{"start":{"line":165,"column":18},"end":{"line":165,"column":null}},"type":"binary-expr","locations":[{"start":{"line":165,"column":18},"end":{"line":165,"column":36}},{"start":{"line":165,"column":36},"end":{"line":165,"column":null}}],"line":165}},"s":{"0":1,"1":1,"2":1,"3":1,"4":1,"5":2,"6":2,"7":1,"8":1,"9":1,"10":1,"11":1,"12":4,"13":4,"14":4,"15":2,"16":4,"17":3,"18":2,"19":3,"20":2,"21":2,"22":3,"23":3,"24":3,"25":3,"26":1,"27":1,"28":3,"29":3,"30":2,"31":1,"32":1,"33":5,"34":5,"35":4,"36":1,"37":1,"38":3,"39":3,"40":3},"f":{"0":2,"1":4,"2":2,"3":3,"4":5,"5":3},"b":{"0":[1,1],"1":[1,1],"2":[1,0],"3":[0,1],"4":[0,1],"5":[4,1],"6":[3,1],"7":[2,1],"8":[3,0],"9":[5],"10":[4,1],"11":[3,2]},"meta":{"lastBranch":12,"lastFunction":6,"lastStatement":41,"seen":{"s:8:20:8:Infinity":0,"b:8:20:8:48:8:48:8:Infinity":0,"s:9:23:9:Infinity":1,"b:9:23:9:55:9:55:9:Infinity":1,"b:11:0:12:Infinity:undefined:undefined:undefined:undefined":2,"s:11:0:12:Infinity":2,"s:12:2:12:Infinity":3,"s:16:38:23:2":4,"b:17:44:17:54:17:54:17:Infinity":3,"b:19:27:19:62:19:65:19:Infinity":4,"f:28:22:28:57":0,"s:29:2:36:Infinity":5,"s:30:19:30:54":6,"s:31:4:31:Infinity":7,"s:32:4:32:Infinity":8,"s:33:4:33:Infinity":9,"s:35:4:35:Infinity":10,"s:36:4:36:Infinity":11,"f:43:22:43:56":1,"s:44:2:105:Infinity":12,"s:46:19:46:52":13,"s:47:28:47:74":14,"b:47:28:47:68:47:72:47:74":5,"f:47:44:47:49":2,"s:47:60:47:68":15,"b:50:4:64:Infinity:undefined:undefined:undefined:undefined":6,"s:50:4:64:Infinity":16,"s:51:6:63:Infinity":17,"s:64:6:64:Infinity":18,"b:68:4:81:Infinity:undefined:undefined:undefined:undefined":7,"s:68:4:81:Infinity":19,"s:69:6:80:Infinity":20,"s:81:6:81:Infinity":21,"b:85:4:99:Infinity:undefined:undefined:undefined:undefined":8,"s:85:4:99:Infinity":22,"s:86:6:98:Infinity":23,"s:99:6:99:Infinity":24,"s:102:4:102:Infinity":25,"s:104:4:104:Infinity":26,"s:105:4:105:Infinity":27,"f:112:22:112:Infinity":3,"s:118:2:133:Infinity":28,"s:119:19:128:11":29,"s:130:4:130:Infinity":30,"s:132:4:132:Infinity":31,"s:133:4:133:Infinity":32,"f:140:22:140:Infinity":4,"b:142:18:142:Infinity":9,"s:144:2:156:Infinity":33,"s:145:19:151:11":34,"s:153:4:153:Infinity":35,"b:153:11:153:42:153:42:153:44":10,"s:155:4:155:Infinity":36,"s:156:4:156:Infinity":37,"f:163:16:163:36":5,"s:164:2:164:Infinity":38,"s:165:18:165:Infinity":39,"b:165:18:165:36:165:36:165:Infinity":11,"s:166:2:166:Infinity":40}}}
,"C:\\finxan-e\\finxan-new\\backend\\src\\database\\migrationRunner.ts": {"path":"C:\\finxan-e\\finxan-new\\backend\\src\\database\\migrationRunner.ts","statementMap":{"0":{"start":{"line":12,"column":6},"end":{"line":12,"column":49}},"1":{"start":{"line":13,"column":18},"end":{"line":13,"column":42}},"2":{"start":{"line":26,"column":20},"end":{"line":26,"column":69}},"3":{"start":{"line":29,"column":2},"end":{"line":42,"column":null}},"4":{"start":{"line":30,"column":27},"end":{"line":30,"column":null}},"5":{"start":{"line":40,"column":4},"end":{"line":40,"column":null}},"6":{"start":{"line":41,"column":4},"end":{"line":41,"column":null}},"7":{"start":{"line":42,"column":4},"end":{"line":42,"column":null}},"8":{"start":{"line":50,"column":2},"end":{"line":64,"column":null}},"9":{"start":{"line":51,"column":28},"end":{"line":54,"column":39}},"10":{"start":{"line":56,"column":4},"end":{"line":58,"column":null}},"11":{"start":{"line":57,"column":6},"end":{"line":57,"column":null}},"12":{"start":{"line":58,"column":6},"end":{"line":58,"column":null}},"13":{"start":{"line":61,"column":4},"end":{"line":61,"column":null}},"14":{"start":{"line":61,"column":26},"end":{"line":61,"column":33}},"15":{"start":{"line":63,"column":4},"end":{"line":63,"column":null}},"16":{"start":{"line":64,"column":4},"end":{"line":64,"column":null}},"17":{"start":{"line":72,"column":20},"end":{"line":74,"column":27}},"18":{"start":{"line":76,"column":2},"end":{"line":77,"column":null}},"19":{"start":{"line":77,"column":4},"end":{"line":77,"column":null}},"20":{"start":{"line":85,"column":2},"end":{"line":98,"column":null}},"21":{"start":{"line":86,"column":16},"end":{"line":86,"column":52}},"22":{"start":{"line":90,"column":4},"end":{"line":90,"column":null}},"23":{"start":{"line":91,"column":4},"end":{"line":91,"column":null}},"24":{"start":{"line":92,"column":4},"end":{"line":92,"column":null}},"25":{"start":{"line":95,"column":4},"end":{"line":95,"column":null}},"26":{"start":{"line":97,"column":4},"end":{"line":97,"column":null}},"27":{"start":{"line":98,"column":4},"end":{"line":98,"column":null}},"28":{"start":{"line":106,"column":2},"end":{"line":131,"column":null}},"29":{"start":{"line":107,"column":19},"end":{"line":107,"column":55}},"30":{"start":{"line":110,"column":23},"end":{"line":113,"column":55}},"31":{"start":{"line":112,"column":16},"end":{"line":112,"column":24}},"32":{"start":{"line":113,"column":19},"end":{"line":113,"column":54}},"33":{"start":{"line":115,"column":10},"end":{"line":115,"column":32}},"34":{"start":{"line":117,"column":4},"end":{"line":127,"column":null}},"35":{"start":{"line":118,"column":6},"end":{"line":120,"column":null}},"36":{"start":{"line":119,"column":8},"end":{"line":120,"column":null}},"37":{"start":{"line":120,"column":10},"end":{"line":120,"column":null}},"38":{"start":{"line":124,"column":6},"end":{"line":124,"column":null}},"39":{"start":{"line":125,"column":6},"end":{"line":125,"column":null}},"40":{"start":{"line":127,"column":6},"end":{"line":127,"column":null}},"41":{"start":{"line":130,"column":4},"end":{"line":130,"column":null}},"42":{"start":{"line":131,"column":4},"end":{"line":131,"column":null}},"43":{"start":{"line":139,"column":2},"end":{"line":139,"column":null}},"44":{"start":{"line":141,"column":2},"end":{"line":183,"column":null}},"45":{"start":{"line":143,"column":4},"end":{"line":143,"column":null}},"46":{"start":{"line":146,"column":21},"end":{"line":146,"column":50}},"47":{"start":{"line":147,"column":4},"end":{"line":147,"column":null}},"48":{"start":{"line":150,"column":26},"end":{"line":150,"column":60}},"49":{"start":{"line":151,"column":18},"end":{"line":151,"column":49}},"50":{"start":{"line":154,"column":27},"end":{"line":156,"column":13}},"51":{"start":{"line":155,"column":19},"end":{"line":155,"column":62}},"52":{"start":{"line":158,"column":4},"end":{"line":158,"column":null}},"53":{"start":{"line":161,"column":24},"end":{"line":161,"column":null}},"54":{"start":{"line":162,"column":4},"end":{"line":172,"column":null}},"55":{"start":{"line":163,"column":6},"end":{"line":172,"column":null}},"56":{"start":{"line":164,"column":25},"end":{"line":164,"column":55}},"57":{"start":{"line":166,"column":8},"end":{"line":169,"column":null}},"58":{"start":{"line":167,"column":10},"end":{"line":167,"column":null}},"59":{"start":{"line":168,"column":19},"end":{"line":169,"column":null}},"60":{"start":{"line":169,"column":10},"end":{"line":169,"column":null}},"61":{"start":{"line":172,"column":8},"end":{"line":172,"column":null}},"62":{"start":{"line":176,"column":4},"end":{"line":179,"column":null}},"63":{"start":{"line":177,"column":6},"end":{"line":177,"column":null}},"64":{"start":{"line":179,"column":6},"end":{"line":179,"column":null}},"65":{"start":{"line":182,"column":4},"end":{"line":182,"column":null}},"66":{"start":{"line":183,"column":4},"end":{"line":183,"column":null}},"67":{"start":{"line":191,"column":2},"end":{"line":191,"column":null}},"68":{"start":{"line":193,"column":2},"end":{"line":208,"column":null}},"69":{"start":{"line":194,"column":21},"end":{"line":194,"column":50}},"70":{"start":{"line":195,"column":26},"end":{"line":195,"column":60}},"71":{"start":{"line":196,"column":18},"end":{"line":196,"column":49}},"72":{"start":{"line":198,"column":27},"end":{"line":200,"column":13}},"73":{"start":{"line":199,"column":19},"end":{"line":199,"column":62}},"74":{"start":{"line":202,"column":4},"end":{"line":205,"column":null}},"75":{"start":{"line":203,"column":21},"end":{"line":203,"column":null}},"76":{"start":{"line":204,"column":19},"end":{"line":204,"column":null}},"77":{"start":{"line":205,"column":6},"end":{"line":205,"column":null}},"78":{"start":{"line":208,"column":4},"end":{"line":208,"column":null}}},"fnMap":{"0":{"name":"ensureMigrationsTable","decl":{"start":{"line":25,"column":15},"end":{"line":25,"column":54}},"loc":{"start":{"line":25,"column":54},"end":{"line":42,"column":null}},"line":25},"1":{"name":"getExecutedMigrations","decl":{"start":{"line":49,"column":15},"end":{"line":49,"column":58}},"loc":{"start":{"line":49,"column":58},"end":{"line":64,"column":null}},"line":49},"2":{"name":"(anonymous_2)","decl":{"start":{"line":61,"column":17},"end":{"line":61,"column":21}},"loc":{"start":{"line":61,"column":26},"end":{"line":61,"column":33}},"line":61},"3":{"name":"recordMigration","decl":{"start":{"line":71,"column":15},"end":{"line":71,"column":31}},"loc":{"start":{"line":71,"column":84},"end":{"line":77,"column":null}},"line":71},"4":{"name":"executeSQLMigration","decl":{"start":{"line":84,"column":15},"end":{"line":84,"column":35}},"loc":{"start":{"line":84,"column":86},"end":{"line":98,"column":null}},"line":84},"5":{"name":"executeCypherMigration","decl":{"start":{"line":105,"column":15},"end":{"line":105,"column":38}},"loc":{"start":{"line":105,"column":89},"end":{"line":131,"column":null}},"line":105},"6":{"name":"(anonymous_6)","decl":{"start":{"line":112,"column":7},"end":{"line":112,"column":11}},"loc":{"start":{"line":112,"column":16},"end":{"line":112,"column":24}},"line":112},"7":{"name":"(anonymous_7)","decl":{"start":{"line":113,"column":7},"end":{"line":113,"column":14}},"loc":{"start":{"line":113,"column":19},"end":{"line":113,"column":54}},"line":113},"8":{"name":"runMigrations","decl":{"start":{"line":138,"column":22},"end":{"line":138,"column":53}},"loc":{"start":{"line":138,"column":53},"end":{"line":183,"column":null}},"line":138},"9":{"name":"(anonymous_9)","decl":{"start":{"line":155,"column":7},"end":{"line":155,"column":14}},"loc":{"start":{"line":155,"column":19},"end":{"line":155,"column":62}},"line":155},"10":{"name":"listMigrations","decl":{"start":{"line":190,"column":22},"end":{"line":190,"column":54}},"loc":{"start":{"line":190,"column":54},"end":{"line":208,"column":null}},"line":190},"11":{"name":"(anonymous_11)","decl":{"start":{"line":199,"column":7},"end":{"line":199,"column":14}},"loc":{"start":{"line":199,"column":19},"end":{"line":199,"column":62}},"line":199}},"branchMap":{"0":{"loc":{"start":{"line":29,"column":2},"end":{"line":42,"column":null}},"type":"if","locations":[{"start":{"line":29,"column":2},"end":{"line":42,"column":null}},{"start":{},"end":{}}],"line":29},"1":{"loc":{"start":{"line":56,"column":4},"end":{"line":58,"column":null}},"type":"if","locations":[{"start":{"line":56,"column":4},"end":{"line":58,"column":null}},{"start":{},"end":{}}],"line":56},"2":{"loc":{"start":{"line":61,"column":11},"end":{"line":61,"column":39}},"type":"binary-expr","locations":[{"start":{"line":61,"column":11},"end":{"line":61,"column":33}},{"start":{"line":61,"column":37},"end":{"line":61,"column":39}}],"line":61},"3":{"loc":{"start":{"line":76,"column":2},"end":{"line":77,"column":null}},"type":"if","locations":[{"start":{"line":76,"column":2},"end":{"line":77,"column":null}},{"start":{},"end":{}}],"line":76},"4":{"loc":{"start":{"line":113,"column":19},"end":{"line":113,"column":54}},"type":"binary-expr","locations":[{"start":{"line":113,"column":19},"end":{"line":113,"column":35}},{"start":{"line":113,"column":35},"end":{"line":113,"column":54}}],"line":113},"5":{"loc":{"start":{"line":119,"column":8},"end":{"line":120,"column":null}},"type":"if","locations":[{"start":{"line":119,"column":8},"end":{"line":120,"column":null}},{"start":{},"end":{}}],"line":119},"6":{"loc":{"start":{"line":155,"column":19},"end":{"line":155,"column":62}},"type":"binary-expr","locations":[{"start":{"line":155,"column":19},"end":{"line":155,"column":37}},{"start":{"line":155,"column":41},"end":{"line":155,"column":62}}],"line":155},"7":{"loc":{"start":{"line":163,"column":6},"end":{"line":172,"column":null}},"type":"if","locations":[{"start":{"line":163,"column":6},"end":{"line":172,"column":null}},{"start":{},"end":{}}],"line":163},"8":{"loc":{"start":{"line":166,"column":8},"end":{"line":169,"column":null}},"type":"if","locations":[{"start":{"line":166,"column":8},"end":{"line":169,"column":null}},{"start":{"line":168,"column":19},"end":{"line":169,"column":null}}],"line":166},"9":{"loc":{"start":{"line":168,"column":19},"end":{"line":169,"column":null}},"type":"if","locations":[{"start":{"line":168,"column":19},"end":{"line":169,"column":null}},{"start":{},"end":{}}],"line":168},"10":{"loc":{"start":{"line":176,"column":4},"end":{"line":179,"column":null}},"type":"if","locations":[{"start":{"line":176,"column":4},"end":{"line":179,"column":null}},{"start":{"line":178,"column":11},"end":{"line":179,"column":null}}],"line":176},"11":{"loc":{"start":{"line":199,"column":19},"end":{"line":199,"column":62}},"type":"binary-expr","locations":[{"start":{"line":199,"column":19},"end":{"line":199,"column":37}},{"start":{"line":199,"column":41},"end":{"line":199,"column":62}}],"line":199},"12":{"loc":{"start":{"line":203,"column":21},"end":{"line":203,"column":null}},"type":"cond-expr","locations":[{"start":{"line":203,"column":47},"end":{"line":203,"column":53}},{"start":{"line":203,"column":53},"end":{"line":203,"column":null}}],"line":203},"13":{"loc":{"start":{"line":204,"column":19},"end":{"line":204,"column":null}},"type":"cond-expr","locations":[{"start":{"line":204,"column":43},"end":{"line":204,"column":51}},{"start":{"line":204,"column":51},"end":{"line":204,"column":null}}],"line":204}},"s":{"0":1,"1":1,"2":7,"3":7,"4":0,"5":0,"6":0,"7":0,"8":10,"9":10,"10":9,"11":1,"12":1,"13":8,"14":2,"15":1,"16":1,"17":9,"18":9,"19":0,"20":4,"21":4,"22":3,"23":3,"24":3,"25":3,"26":1,"27":1,"28":6,"29":6,"30":6,"31":14,"32":14,"33":6,"34":6,"35":6,"36":7,"37":7,"38":6,"39":6,"40":6,"41":0,"42":0,"43":7,"44":7,"45":7,"46":7,"47":7,"48":7,"49":7,"50":7,"51":11,"52":7,"53":7,"54":7,"55":11,"56":10,"57":10,"58":4,"59":6,"60":6,"61":9,"62":6,"63":0,"64":6,"65":1,"66":1,"67":3,"68":3,"69":3,"70":3,"71":3,"72":3,"73":8,"74":3,"75":6,"76":6,"77":6,"78":0},"f":{"0":7,"1":10,"2":2,"3":9,"4":4,"5":6,"6":14,"7":14,"8":7,"9":11,"10":3,"11":8},"b":{"0":[0,7],"1":[1,8],"2":[8,0],"3":[0,9],"4":[14,8],"5":[7,0],"6":[11,6],"7":[10,1],"8":[4,6],"9":[6,0],"10":[0,6],"11":[8,4],"12":[1,5],"13":[4,2]},"meta":{"lastBranch":14,"lastFunction":12,"lastStatement":79,"seen":{"s:12:6:12:49":0,"s:13:18:13:42":1,"f:25:15:25:54":0,"s:26:20:26:69":2,"b:29:2:42:Infinity:undefined:undefined:undefined:undefined":0,"s:29:2:42:Infinity":3,"s:30:27:30:Infinity":4,"s:40:4:40:Infinity":5,"s:41:4:41:Infinity":6,"s:42:4:42:Infinity":7,"f:49:15:49:58":1,"s:50:2:64:Infinity":8,"s:51:28:54:39":9,"b:56:4:58:Infinity:undefined:undefined:undefined:undefined":1,"s:56:4:58:Infinity":10,"s:57:6:57:Infinity":11,"s:58:6:58:Infinity":12,"s:61:4:61:Infinity":13,"b:61:11:61:33:61:37:61:39":2,"f:61:17:61:21":2,"s:61:26:61:33":14,"s:63:4:63:Infinity":15,"s:64:4:64:Infinity":16,"f:71:15:71:31":3,"s:72:20:74:27":17,"b:76:2:77:Infinity:undefined:undefined:undefined:undefined":3,"s:76:2:77:Infinity":18,"s:77:4:77:Infinity":19,"f:84:15:84:35":4,"s:85:2:98:Infinity":20,"s:86:16:86:52":21,"s:90:4:90:Infinity":22,"s:91:4:91:Infinity":23,"s:92:4:92:Infinity":24,"s:95:4:95:Infinity":25,"s:97:4:97:Infinity":26,"s:98:4:98:Infinity":27,"f:105:15:105:38":5,"s:106:2:131:Infinity":28,"s:107:19:107:55":29,"s:110:23:113:55":30,"f:112:7:112:11":6,"s:112:16:112:24":31,"f:113:7:113:14":7,"s:113:19:113:54":32,"b:113:19:113:35:113:35:113:54":4,"s:115:10:115:32":33,"s:117:4:127:Infinity":34,"s:118:6:120:Infinity":35,"b:119:8:120:Infinity:undefined:undefined:undefined:undefined":5,"s:119:8:120:Infinity":36,"s:120:10:120:Infinity":37,"s:124:6:124:Infinity":38,"s:125:6:125:Infinity":39,"s:127:6:127:Infinity":40,"s:130:4:130:Infinity":41,"s:131:4:131:Infinity":42,"f:138:22:138:53":8,"s:139:2:139:Infinity":43,"s:141:2:183:Infinity":44,"s:143:4:143:Infinity":45,"s:146:21:146:50":46,"s:147:4:147:Infinity":47,"s:150:26:150:60":48,"s:151:18:151:49":49,"s:154:27:156:13":50,"f:155:7:155:14":9,"s:155:19:155:62":51,"b:155:19:155:37:155:41:155:62":6,"s:158:4:158:Infinity":52,"s:161:24:161:Infinity":53,"s:162:4:172:Infinity":54,"b:163:6:172:Infinity:undefined:undefined:undefined:undefined":7,"s:163:6:172:Infinity":55,"s:164:25:164:55":56,"b:166:8:169:Infinity:168:19:169:Infinity":8,"s:166:8:169:Infinity":57,"s:167:10:167:Infinity":58,"b:168:19:169:Infinity:undefined:undefined:undefined:undefined":9,"s:168:19:169:Infinity":59,"s:169:10:169:Infinity":60,"s:172:8:172:Infinity":61,"b:176:4:179:Infinity:178:11:179:Infinity":10,"s:176:4:179:Infinity":62,"s:177:6:177:Infinity":63,"s:179:6:179:Infinity":64,"s:182:4:182:Infinity":65,"s:183:4:183:Infinity":66,"f:190:22:190:54":10,"s:191:2:191:Infinity":67,"s:193:2:208:Infinity":68,"s:194:21:194:50":69,"s:195:26:195:60":70,"s:196:18:196:49":71,"s:198:27:200:13":72,"f:199:7:199:14":11,"s:199:19:199:62":73,"b:199:19:199:37:199:41:199:62":11,"s:202:4:205:Infinity":74,"s:203:21:203:Infinity":75,"b:203:47:203:53:203:53:203:Infinity":12,"s:204:19:204:Infinity":76,"b:204:43:204:51:204:51:204:Infinity":13,"s:205:6:205:Infinity":77,"s:208:4:208:Infinity":78}}}
}
